<?xml version="1.0" encoding="UTF-8"?>
<testsuites tests="33" failures="2" disabled="0" errors="0" time="0.003" timestamp="2020-05-29T15:43:23" name="AllTests">
  <testsuite name="DecimalTest" tests="33" failures="2" disabled="0" errors="0" time="0.003" timestamp="2020-05-29T15:43:23">
    <testcase name="simple" status="run" result="completed" time="0.001" timestamp="2020-05-29T15:43:23" classname="DecimalTest">
      <failure message="/home/tsurugi/actions-runner/_work/tsurugi-annotations-action/tsurugi-annotations-action/test/fpdecimal/DecimalTest.cpp:28&#x0A;Value of: d.is_positive()&#x0A;  Actual: true&#x0A;Expected: false" type=""><![CDATA[/home/tsurugi/actions-runner/_work/tsurugi-annotations-action/tsurugi-annotations-action/test/fpdecimal/DecimalTest.cpp:28
Value of: d.is_positive()
  Actual: true
Expected: false]]></failure>
    </testcase>
    <testcase name="of" status="run" result="completed" time="0" timestamp="2020-05-29T15:43:23" classname="DecimalTest">
      <failure message="/home/tsurugi/actions-runner/_work/tsurugi-annotations-action/tsurugi-annotations-action/test/fpdecimal/DecimalTest.cpp:41&#x0A;Expected equality of these values:&#x0A;  Decimal::of&lt;std::int32_t&gt;(123)&#x0A;    Which is: 123&#x0A;  Decimal(456)&#x0A;    Which is: 456" type=""><![CDATA[/home/tsurugi/actions-runner/_work/tsurugi-annotations-action/tsurugi-annotations-action/test/fpdecimal/DecimalTest.cpp:41
Expected equality of these values:
  Decimal::of<std::int32_t>(123)
    Which is: 123
  Decimal(456)
    Which is: 456]]></failure>
    </testcase>
    <testcase name="as" status="run" result="completed" time="0" timestamp="2020-05-29T15:43:23" classname="DecimalTest" />
    <testcase name="as_error" status="run" result="completed" time="0" timestamp="2020-05-29T15:43:23" classname="DecimalTest" />
    <testcase name="as_float_overflow" status="run" result="completed" time="0.001" timestamp="2020-05-29T15:43:23" classname="DecimalTest" />
    <testcase name="zero" status="run" result="completed" time="0" timestamp="2020-05-29T15:43:23" classname="DecimalTest" />
    <testcase name="positive_infinity" status="run" result="completed" time="0" timestamp="2020-05-29T15:43:23" classname="DecimalTest" />
    <testcase name="negative_infinity" status="run" result="completed" time="0" timestamp="2020-05-29T15:43:23" classname="DecimalTest" />
    <testcase name="not_a_number" status="run" result="completed" time="0" timestamp="2020-05-29T15:43:23" classname="DecimalTest" />
    <testcase name="coefficient" status="run" result="completed" time="0" timestamp="2020-05-29T15:43:23" classname="DecimalTest" />
    <testcase name="bcd" status="run" result="completed" time="0" timestamp="2020-05-29T15:43:23" classname="DecimalTest" />
    <testcase name="compare" status="run" result="completed" time="0" timestamp="2020-05-29T15:43:23" classname="DecimalTest" />
    <testcase name="compare_error" status="run" result="completed" time="0" timestamp="2020-05-29T15:43:23" classname="DecimalTest" />
    <testcase name="plus" status="run" result="completed" time="0" timestamp="2020-05-29T15:43:23" classname="DecimalTest" />
    <testcase name="plus_error" status="run" result="completed" time="0" timestamp="2020-05-29T15:43:23" classname="DecimalTest" />
    <testcase name="minus" status="run" result="completed" time="0" timestamp="2020-05-29T15:43:23" classname="DecimalTest" />
    <testcase name="minus_error" status="run" result="completed" time="0" timestamp="2020-05-29T15:43:23" classname="DecimalTest" />
    <testcase name="abs" status="run" result="completed" time="0" timestamp="2020-05-29T15:43:23" classname="DecimalTest" />
    <testcase name="abs_error" status="run" result="completed" time="0" timestamp="2020-05-29T15:43:23" classname="DecimalTest" />
    <testcase name="add" status="run" result="completed" time="0" timestamp="2020-05-29T15:43:23" classname="DecimalTest" />
    <testcase name="add_error" status="run" result="completed" time="0" timestamp="2020-05-29T15:43:23" classname="DecimalTest" />
    <testcase name="subtract" status="run" result="completed" time="0" timestamp="2020-05-29T15:43:23" classname="DecimalTest" />
    <testcase name="subtract_error" status="run" result="completed" time="0" timestamp="2020-05-29T15:43:23" classname="DecimalTest" />
    <testcase name="multiply" status="run" result="completed" time="0" timestamp="2020-05-29T15:43:23" classname="DecimalTest" />
    <testcase name="multiply_error" status="run" result="completed" time="0" timestamp="2020-05-29T15:43:23" classname="DecimalTest" />
    <testcase name="divide" status="run" result="completed" time="0" timestamp="2020-05-29T15:43:23" classname="DecimalTest" />
    <testcase name="divide_error" status="run" result="completed" time="0" timestamp="2020-05-29T15:43:23" classname="DecimalTest" />
    <testcase name="remainder" status="run" result="completed" time="0.001" timestamp="2020-05-29T15:43:23" classname="DecimalTest" />
    <testcase name="remainder_error" status="run" result="completed" time="0" timestamp="2020-05-29T15:43:23" classname="DecimalTest" />
    <testcase name="round" status="run" result="completed" time="0" timestamp="2020-05-29T15:43:23" classname="DecimalTest" />
    <testcase name="round_error" status="run" result="completed" time="0" timestamp="2020-05-29T15:43:23" classname="DecimalTest" />
    <testcase name="parts" status="run" result="completed" time="0" timestamp="2020-05-29T15:43:23" classname="DecimalTest" />
    <testcase name="status" status="run" result="completed" time="0" timestamp="2020-05-29T15:43:23" classname="DecimalTest" />
  </testsuite>
</testsuites>
